<?xml version="1.0" encoding="UTF-8"?>
<!-- Generated by org.testng.reporters.JUnitXMLReporter -->
<testsuite ignored="0" hostname="DESKTOP-A0B3UJ2" failures="0" tests="2" name="TestClassParallelExecution" time="10.828" errors="0" timestamp="2021-06-10T19:45:54 IST">
  <testcase classname="SampleMavenProject.SeleniumMavenProject.TNG_001" name="@BeforeMethod beforeMethod" time="1.76">
    <failure type="org.openqa.selenium.WebDriverException" message="unknown error: failed to write prefs file
Build info: version: &amp;apos;3.141.59&amp;apos;, revision: &amp;apos;e82be7d358&amp;apos;, time: &amp;apos;2018-11-14T08:17:03&amp;apos;
System info: host: &amp;apos;DESKTOP-A0B3UJ2&amp;apos;, ip: &amp;apos;172.20.10.4&amp;apos;, os.name: &amp;apos;Windows 10&amp;apos;, os.arch: &amp;apos;amd64&amp;apos;, os.version: &amp;apos;10.0&amp;apos;, java.version: &amp;apos;15.0.2&amp;apos;
Driver info: driver.version: ChromeDriver
remote stacktrace: Backtrace:
	Ordinal0 [0x0086C013+2474003]
	Ordinal0 [0x008029C1+2042305]
	Ordinal0 [0x00712F68+1060712]
	Ordinal0 [0x00730D8C+1183116]
	Ordinal0 [0x0072E76C+1173356]
	Ordinal0 [0x0072AA83+1157763]
	Ordinal0 [0x0075A2A2+1352354]
	Ordinal0 [0x00758FAA+1347498]
	Ordinal0 [0x007566DB+1337051]
	Ordinal0 [0x00733427+1192999]
	Ordinal0 [0x007342EE+1196782]
	Ordinal0 [0x00734279+1196665]
	GetHandleVerifier [0x009F96FC+1590332]
	GetHandleVerifier [0x00AA8614+2306900]
	GetHandleVerifier [0x008F9E93+543699]
	GetHandleVerifier [0x008F92CE+540686]
	Ordinal0 [0x008086BA+2066106]
	Ordinal0 [0x0080D1C8+2085320]
	Ordinal0 [0x0080D308+2085640]
	Ordinal0 [0x008167F3+2123763]
	BaseThreadInitThunk [0x74D2FA29+25]
	RtlGetAppContainerNamedObjectPath [0x76EC7A9E+286]
	RtlGetAppContainerNamedObjectPath [0x76EC7A6E+238]
">
      <![CDATA[org.openqa.selenium.WebDriverException: unknown error: failed to write prefs file
Build info: version: '3.141.59', revision: 'e82be7d358', time: '2018-11-14T08:17:03'
System info: host: 'DESKTOP-A0B3UJ2', ip: '172.20.10.4', os.name: 'Windows 10', os.arch: 'amd64', os.version: '10.0', java.version: '15.0.2'
Driver info: driver.version: ChromeDriver
remote stacktrace: Backtrace:
Ordinal0 [0x0086C013+2474003]
Ordinal0 [0x008029C1+2042305]
Ordinal0 [0x00712F68+1060712]
Ordinal0 [0x00730D8C+1183116]
Ordinal0 [0x0072E76C+1173356]
Ordinal0 [0x0072AA83+1157763]
Ordinal0 [0x0075A2A2+1352354]
Ordinal0 [0x00758FAA+1347498]
Ordinal0 [0x007566DB+1337051]
Ordinal0 [0x00733427+1192999]
Ordinal0 [0x007342EE+1196782]
Ordinal0 [0x00734279+1196665]
GetHandleVerifier [0x009F96FC+1590332]
GetHandleVerifier [0x00AA8614+2306900]
GetHandleVerifier [0x008F9E93+543699]
GetHandleVerifier [0x008F92CE+540686]
Ordinal0 [0x008086BA+2066106]
Ordinal0 [0x0080D1C8+2085320]
Ordinal0 [0x0080D308+2085640]
Ordinal0 [0x008167F3+2123763]
BaseThreadInitThunk [0x74D2FA29+25]
RtlGetAppContainerNamedObjectPath [0x76EC7A9E+286]
RtlGetAppContainerNamedObjectPath [0x76EC7A6E+238]

at org.openqa.selenium.remote.W3CHandshakeResponse.lambda$errorHandler$0(W3CHandshakeResponse.java:62)
at org.openqa.selenium.remote.HandshakeResponse.lambda$getResponseFunction$0(HandshakeResponse.java:30)
at org.openqa.selenium.remote.ProtocolHandshake.lambda$createSession$0(ProtocolHandshake.java:126)
at java.base/java.util.stream.ReferencePipeline$3$1.accept(ReferencePipeline.java:195)
at java.base/java.util.Spliterators$ArraySpliterator.tryAdvance(Spliterators.java:958)
at java.base/java.util.stream.ReferencePipeline.forEachWithCancel(ReferencePipeline.java:127)
at java.base/java.util.stream.AbstractPipeline.copyIntoWithCancel(AbstractPipeline.java:502)
at java.base/java.util.stream.AbstractPipeline.copyInto(AbstractPipeline.java:488)
at java.base/java.util.stream.AbstractPipeline.wrapAndCopyInto(AbstractPipeline.java:474)
at java.base/java.util.stream.FindOps$FindOp.evaluateSequential(FindOps.java:150)
at java.base/java.util.stream.AbstractPipeline.evaluate(AbstractPipeline.java:234)
at java.base/java.util.stream.ReferencePipeline.findFirst(ReferencePipeline.java:543)
at org.openqa.selenium.remote.ProtocolHandshake.createSession(ProtocolHandshake.java:128)
at org.openqa.selenium.remote.ProtocolHandshake.createSession(ProtocolHandshake.java:74)
at org.openqa.selenium.remote.HttpCommandExecutor.execute(HttpCommandExecutor.java:136)
at org.openqa.selenium.remote.service.DriverCommandExecutor.execute(DriverCommandExecutor.java:83)
at org.openqa.selenium.remote.RemoteWebDriver.execute(RemoteWebDriver.java:552)
at org.openqa.selenium.remote.RemoteWebDriver.startSession(RemoteWebDriver.java:213)
at org.openqa.selenium.remote.RemoteWebDriver.<init>(RemoteWebDriver.java:131)
at org.openqa.selenium.chrome.ChromeDriver.<init>(ChromeDriver.java:181)
at org.openqa.selenium.chrome.ChromeDriver.<init>(ChromeDriver.java:168)
at org.openqa.selenium.chrome.ChromeDriver.<init>(ChromeDriver.java:157)
at SampleMavenProject.SeleniumMavenProject.BaseTest.launch(BaseTest.java:77)
at SampleMavenProject.SeleniumMavenProject.TNG_001.beforeMethod(TNG_001.java:39)
at java.base/java.util.concurrent.ThreadPoolExecutor.runWorker(ThreadPoolExecutor.java:1130)
at java.base/java.util.concurrent.ThreadPoolExecutor$Worker.run(ThreadPoolExecutor.java:630)
at java.base/java.lang.Thread.run(Thread.java:832)
... Removed 21 stack frames]]>
    </failure>
  </testcase> <!-- @BeforeMethod beforeMethod -->
  <testcase classname="SampleMavenProject.SeleniumMavenProject.TNG_001" name="@AfterMethod afterMethod" time="-1.623334545827E9">
    <skipped/>
  </testcase> <!-- @AfterMethod afterMethod -->
  <testcase classname="SampleMavenProject.SeleniumMavenProject.TNG_001" name="amazon" time="0.0">
    <skipped/>
  </testcase> <!-- amazon -->
  <testcase classname="SampleMavenProject.SeleniumMavenProject.TNG_002" name="amazonlog4j" time="4.47"/>
</testsuite> <!-- TestClassParallelExecution -->
